<?xml version="1.0" encoding="UTF-8"?>
<!-- Generated by org.testng.reporters.JUnitReportReporter -->
<testsuite skipped="0" hostname="abilash-PC" name="com.actitime.TimeTrack.validlogintest" tests="1" failures="0" timestamp="25 Feb 2021 10:38:58 GMT" time="0.007" errors="0">
  <testcase name="loginTest" time="0.007" classname="com.actitime.TimeTrack.validlogintest"/>
</testsuite> <!-- com.actitime.TimeTrack.validlogintest -->
